Determining if the function alloca exists failed with the following output:
Change Dir: /home/jacques/Workspace/current/M1/BDM/bdm-wavebook-2012/Reconnaissance_Faciale/OpenCV-2.4.2/release/CMakeFiles/CMakeTmp

Run Build Command:/usr/bin/make "cmTryCompileExec/fast"
/usr/bin/make -f CMakeFiles/cmTryCompileExec.dir/build.make CMakeFiles/cmTryCompileExec.dir/build
make[1]: Entering directory `/home/jacques/Workspace/current/M1/BDM/bdm-wavebook-2012/Reconnaissance_Faciale/OpenCV-2.4.2/release/CMakeFiles/CMakeTmp'
/usr/bin/cmake -E cmake_progress_report /home/jacques/Workspace/current/M1/BDM/bdm-wavebook-2012/Reconnaissance_Faciale/OpenCV-2.4.2/release/CMakeFiles/CMakeTmp/CMakeFiles 1
Building C object CMakeFiles/cmTryCompileExec.dir/CheckFunctionExists.c.o
/usr/bin/gcc   -W -Wall -Werror=return-type -Werror=address -Werror=sequence-point -Wformat -Werror=format-security -Wmissing-declarations -Wmissing-prototypes -Wstrict-prototypes -Wundef -Winit-self -Wpointer-arith -Wshadow -fdiagnostics-show-option -pthread -march=i686 -fomit-frame-pointer -msse -msse2 -mfpmath=sse -ffunction-sections  -DCHECK_FUNCTION_EXISTS=alloca -O3 -DNDEBUG   -o CMakeFiles/cmTryCompileExec.dir/CheckFunctionExists.c.o   -c /usr/share/cmake-2.8/Modules/CheckFunctionExists.c
/usr/share/cmake-2.8/Modules/CheckFunctionExists.c:3:1: warning: function declaration isn’t a prototype [-Wstrict-prototypes]
/usr/share/cmake-2.8/Modules/CheckFunctionExists.c:3:6: warning: conflicting types for built-in function ‘alloca’ [enabled by default]
Linking C executable cmTryCompileExec
/usr/bin/cmake -E cmake_link_script CMakeFiles/cmTryCompileExec.dir/link.txt --verbose=1
/usr/bin/gcc      -W -Wall -Werror=return-type -Werror=address -Werror=sequence-point -Wformat -Werror=format-security -Wmissing-declarations -Wmissing-prototypes -Wstrict-prototypes -Wundef -Winit-self -Wpointer-arith -Wshadow -fdiagnostics-show-option -pthread -march=i686 -fomit-frame-pointer -msse -msse2 -mfpmath=sse -ffunction-sections  -DCHECK_FUNCTION_EXISTS=alloca -O3 -DNDEBUG    CMakeFiles/cmTryCompileExec.dir/CheckFunctionExists.c.o  -o cmTryCompileExec -rdynamic 
CMakeFiles/cmTryCompileExec.dir/CheckFunctionExists.c.o: In function `main':
CheckFunctionExists.c:(.text.startup.main+0x24): undefined reference to `alloca'
collect2: ld returned 1 exit status
make[1]: *** [cmTryCompileExec] Error 1
make[1]: Leaving directory `/home/jacques/Workspace/current/M1/BDM/bdm-wavebook-2012/Reconnaissance_Faciale/OpenCV-2.4.2/release/CMakeFiles/CMakeTmp'
make: *** [cmTryCompileExec/fast] Error 2


Determining if the include file linux/videodev.h exists failed with the following output:
Change Dir: /home/jacques/Workspace/current/M1/BDM/bdm-wavebook-2012/Reconnaissance_Faciale/OpenCV-2.4.2/release/CMakeFiles/CMakeTmp

Run Build Command:/usr/bin/make "cmTryCompileExec/fast"
/usr/bin/make -f CMakeFiles/cmTryCompileExec.dir/build.make CMakeFiles/cmTryCompileExec.dir/build
make[1]: Entering directory `/home/jacques/Workspace/current/M1/BDM/bdm-wavebook-2012/Reconnaissance_Faciale/OpenCV-2.4.2/release/CMakeFiles/CMakeTmp'
/usr/bin/cmake -E cmake_progress_report /home/jacques/Workspace/current/M1/BDM/bdm-wavebook-2012/Reconnaissance_Faciale/OpenCV-2.4.2/release/CMakeFiles/CMakeTmp/CMakeFiles 1
Building C object CMakeFiles/cmTryCompileExec.dir/CheckIncludeFile.c.o
/usr/bin/gcc   -W -Wall -Werror=return-type -Werror=address -Werror=sequence-point -Wformat -Werror=format-security -Wmissing-declarations -Wmissing-prototypes -Wstrict-prototypes -Wundef -Winit-self -Wpointer-arith -Wshadow -fdiagnostics-show-option -pthread -march=i686 -fomit-frame-pointer -msse -msse2 -mfpmath=sse -ffunction-sections   -O3 -DNDEBUG   -o CMakeFiles/cmTryCompileExec.dir/CheckIncludeFile.c.o   -c /home/jacques/Workspace/current/M1/BDM/bdm-wavebook-2012/Reconnaissance_Faciale/OpenCV-2.4.2/release/CMakeFiles/CMakeTmp/CheckIncludeFile.c
/home/jacques/Workspace/current/M1/BDM/bdm-wavebook-2012/Reconnaissance_Faciale/OpenCV-2.4.2/release/CMakeFiles/CMakeTmp/CheckIncludeFile.c:1:28: fatal error: linux/videodev.h: No such file or directory
compilation terminated.
make[1]: *** [CMakeFiles/cmTryCompileExec.dir/CheckIncludeFile.c.o] Error 1
make[1]: Leaving directory `/home/jacques/Workspace/current/M1/BDM/bdm-wavebook-2012/Reconnaissance_Faciale/OpenCV-2.4.2/release/CMakeFiles/CMakeTmp'
make: *** [cmTryCompileExec/fast] Error 2


Determining if the include file libavformat/avformat.h exists failed with the following output:
Change Dir: /home/jacques/Workspace/current/M1/BDM/bdm-wavebook-2012/Reconnaissance_Faciale/OpenCV-2.4.2/release/CMakeFiles/CMakeTmp

Run Build Command:/usr/bin/make "cmTryCompileExec/fast"
/usr/bin/make -f CMakeFiles/cmTryCompileExec.dir/build.make CMakeFiles/cmTryCompileExec.dir/build
make[1]: Entering directory `/home/jacques/Workspace/current/M1/BDM/bdm-wavebook-2012/Reconnaissance_Faciale/OpenCV-2.4.2/release/CMakeFiles/CMakeTmp'
/usr/bin/cmake -E cmake_progress_report /home/jacques/Workspace/current/M1/BDM/bdm-wavebook-2012/Reconnaissance_Faciale/OpenCV-2.4.2/release/CMakeFiles/CMakeTmp/CMakeFiles 1
Building C object CMakeFiles/cmTryCompileExec.dir/CheckIncludeFile.c.o
/usr/bin/gcc   -W -Wall -Werror=return-type -Werror=address -Werror=sequence-point -Wformat -Werror=format-security -Wmissing-declarations -Wmissing-prototypes -Wstrict-prototypes -Wundef -Winit-self -Wpointer-arith -Wshadow -fdiagnostics-show-option -pthread -march=i686 -fomit-frame-pointer -msse -msse2 -mfpmath=sse -ffunction-sections   -O3 -DNDEBUG   -o CMakeFiles/cmTryCompileExec.dir/CheckIncludeFile.c.o   -c /home/jacques/Workspace/current/M1/BDM/bdm-wavebook-2012/Reconnaissance_Faciale/OpenCV-2.4.2/release/CMakeFiles/CMakeTmp/CheckIncludeFile.c
/home/jacques/Workspace/current/M1/BDM/bdm-wavebook-2012/Reconnaissance_Faciale/OpenCV-2.4.2/release/CMakeFiles/CMakeTmp/CheckIncludeFile.c:1:34: fatal error: libavformat/avformat.h: No such file or directory
compilation terminated.
make[1]: *** [CMakeFiles/cmTryCompileExec.dir/CheckIncludeFile.c.o] Error 1
make[1]: Leaving directory `/home/jacques/Workspace/current/M1/BDM/bdm-wavebook-2012/Reconnaissance_Faciale/OpenCV-2.4.2/release/CMakeFiles/CMakeTmp'
make: *** [cmTryCompileExec/fast] Error 2


Determining if the include file ffmpeg/avformat.h exists failed with the following output:
Change Dir: /home/jacques/Workspace/current/M1/BDM/bdm-wavebook-2012/Reconnaissance_Faciale/OpenCV-2.4.2/release/CMakeFiles/CMakeTmp

Run Build Command:/usr/bin/make "cmTryCompileExec/fast"
/usr/bin/make -f CMakeFiles/cmTryCompileExec.dir/build.make CMakeFiles/cmTryCompileExec.dir/build
make[1]: Entering directory `/home/jacques/Workspace/current/M1/BDM/bdm-wavebook-2012/Reconnaissance_Faciale/OpenCV-2.4.2/release/CMakeFiles/CMakeTmp'
/usr/bin/cmake -E cmake_progress_report /home/jacques/Workspace/current/M1/BDM/bdm-wavebook-2012/Reconnaissance_Faciale/OpenCV-2.4.2/release/CMakeFiles/CMakeTmp/CMakeFiles 1
Building C object CMakeFiles/cmTryCompileExec.dir/CheckIncludeFile.c.o
/usr/bin/gcc   -W -Wall -Werror=return-type -Werror=address -Werror=sequence-point -Wformat -Werror=format-security -Wmissing-declarations -Wmissing-prototypes -Wstrict-prototypes -Wundef -Winit-self -Wpointer-arith -Wshadow -fdiagnostics-show-option -pthread -march=i686 -fomit-frame-pointer -msse -msse2 -mfpmath=sse -ffunction-sections   -O3 -DNDEBUG   -o CMakeFiles/cmTryCompileExec.dir/CheckIncludeFile.c.o   -c /home/jacques/Workspace/current/M1/BDM/bdm-wavebook-2012/Reconnaissance_Faciale/OpenCV-2.4.2/release/CMakeFiles/CMakeTmp/CheckIncludeFile.c
/home/jacques/Workspace/current/M1/BDM/bdm-wavebook-2012/Reconnaissance_Faciale/OpenCV-2.4.2/release/CMakeFiles/CMakeTmp/CheckIncludeFile.c:1:29: fatal error: ffmpeg/avformat.h: No such file or directory
compilation terminated.
make[1]: *** [CMakeFiles/cmTryCompileExec.dir/CheckIncludeFile.c.o] Error 1
make[1]: Leaving directory `/home/jacques/Workspace/current/M1/BDM/bdm-wavebook-2012/Reconnaissance_Faciale/OpenCV-2.4.2/release/CMakeFiles/CMakeTmp'
make: *** [cmTryCompileExec/fast] Error 2


